<?xml version="1.0" encoding="UTF-8"?>
<testng-results skipped="0" failed="0" total="0" passed="0">
  <reporter-output>
  </reporter-output>
  <suite name="Default suite" duration-ms="9913" started-at="2021-07-11T18:25:52Z" finished-at="2021-07-11T18:26:01Z">
    <groups>
    </groups>
    <test name="Default test" duration-ms="9913" started-at="2021-07-11T18:25:52Z" finished-at="2021-07-11T18:26:01Z">
      <class name="QAmonCodeTestByAyshaMaliha.SignPage_Pom_TestNG2">
        <test-method status="PASS" signature="setUpTest()[pri:0, instance:QAmonCodeTestByAyshaMaliha.SignPage_Pom_TestNG2@e45f292]" name="setUpTest" is-config="true" duration-ms="9901" started-at="2021-07-12T00:25:52Z" finished-at="2021-07-12T00:26:01Z">
          <reporter-output>
          </reporter-output>
        </test-method> <!-- setUpTest -->
        <test-method status="FAIL" signature="setUpTest2()[pri:0, instance:QAmonCodeTestByAyshaMaliha.SignPage_Pom_TestNG2@e45f292]" name="setUpTest2" is-config="true" duration-ms="0" started-at="2021-07-12T00:26:01Z" finished-at="2021-07-12T00:26:01Z">
          <exception class="java.lang.NullPointerException">
            <full-stacktrace>
              <![CDATA[java.lang.NullPointerException
	at QAmonCodeTestByAyshaMaliha.SignInPage_Object_Locator.username(SignInPage_Object_Locator.java:14)
	at QAmonCodeTestByAyshaMaliha.SignPage_Pom_TestNG2.setUpTest2(SignPage_Pom_TestNG2.java:33)
	at sun.reflect.NativeMethodAccessorImpl.invoke0(Native Method)
	at sun.reflect.NativeMethodAccessorImpl.invoke(Unknown Source)
	at sun.reflect.DelegatingMethodAccessorImpl.invoke(Unknown Source)
	at java.lang.reflect.Method.invoke(Unknown Source)
	at org.testng.internal.MethodInvocationHelper.invokeMethod(MethodInvocationHelper.java:100)
	at org.testng.internal.Invoker.invokeConfigurationMethod(Invoker.java:515)
	at org.testng.internal.Invoker.invokeConfigurations(Invoker.java:216)
	at org.testng.internal.Invoker.invokeConfigurations(Invoker.java:143)
	at org.testng.TestRunner.beforeRun(TestRunner.java:631)
	at org.testng.TestRunner.run(TestRunner.java:599)
	at org.testng.SuiteRunner.runTest(SuiteRunner.java:368)
	at org.testng.SuiteRunner.runSequentially(SuiteRunner.java:363)
	at org.testng.SuiteRunner.privateRun(SuiteRunner.java:321)
	at org.testng.SuiteRunner.run(SuiteRunner.java:270)
	at org.testng.SuiteRunnerWorker.runSuite(SuiteRunnerWorker.java:52)
	at org.testng.SuiteRunnerWorker.run(SuiteRunnerWorker.java:86)
	at org.testng.TestNG.runSuitesSequentially(TestNG.java:1284)
	at org.testng.TestNG.runSuitesLocally(TestNG.java:1209)
	at org.testng.TestNG.runSuites(TestNG.java:1124)
	at org.testng.TestNG.run(TestNG.java:1096)
	at org.testng.remote.AbstractRemoteTestNG.run(AbstractRemoteTestNG.java:132)
	at org.testng.remote.RemoteTestNG.initAndRun(RemoteTestNG.java:236)
	at org.testng.remote.RemoteTestNG.main(RemoteTestNG.java:81)
]]>
            </full-stacktrace>
          </exception> <!-- java.lang.NullPointerException -->
          <reporter-output>
          </reporter-output>
        </test-method> <!-- setUpTest2 -->
        <test-method status="SKIP" signature="setUpTest3()[pri:0, instance:QAmonCodeTestByAyshaMaliha.SignPage_Pom_TestNG2@e45f292]" name="setUpTest3" is-config="true" duration-ms="0" started-at="2021-07-12T00:26:01Z" finished-at="2021-07-12T00:26:01Z">
          <reporter-output>
          </reporter-output>
        </test-method> <!-- setUpTest3 -->
      </class> <!-- QAmonCodeTestByAyshaMaliha.SignPage_Pom_TestNG2 -->
    </test> <!-- Default test -->
  </suite> <!-- Default suite -->
</testng-results>
